<?xml version="1.0" encoding="UTF-8"?>
<!-- Generated by org.testng.reporters.JUnitReportReporter -->
<testsuite skipped="0" hostname="LAPTOP-SDLQ3M27" name="selenium.CSSSelector" tests="1" failures="0" timestamp="03 Apr 2021 10:00:50 GMT" time="7.110" errors="0">
  <testcase name="setup" time="7.110" classname="selenium.CSSSelector"/>
</testsuite> <!-- selenium.CSSSelector -->
