<?xml version="1.0" encoding="UTF-8"?>
<!-- Generated by org.testng.reporters.JUnitReportReporter -->
<testsuite skipped="0" hostname="LAPTOP-SDLQ3M27" name="selenium.ActionsClass" tests="1" failures="0" timestamp="30 Apr 2021 09:46:36 GMT" time="22.536" errors="0">
  <testcase name="setup" time="22.536" classname="selenium.ActionsClass"/>
</testsuite> <!-- selenium.ActionsClass -->
