<?xml version="1.0" encoding="UTF-8"?>
<!-- Generated by org.testng.reporters.JUnitReportReporter -->
<testsuite skipped="0" hostname="LAPTOP-SDLQ3M27" name="selenium.ChromeOptionClass" tests="1" failures="0" timestamp="30 Apr 2021 12:01:29 GMT" time="2.297" errors="0">
  <testcase name="setup" time="2.297" classname="selenium.ChromeOptionClass"/>
</testsuite> <!-- selenium.ChromeOptionClass -->
