<?xml version="1.0" encoding="UTF-8"?>
<!-- Generated by org.testng.reporters.JUnitReportReporter -->
<testsuite skipped="0" hostname="LAPTOP-SDLQ3M27" name="selenium.Xpath" tests="1" failures="0" timestamp="02 May 2021 06:45:02 GMT" time="16.892" errors="0">
  <testcase name="setup" time="16.892" classname="selenium.Xpath"/>
</testsuite> <!-- selenium.Xpath -->
