<?xml version="1.0" encoding="UTF-8"?>
<!-- Generated by org.testng.reporters.JUnitReportReporter -->
<testsuite skipped="0" hostname="LAPTOP-SDLQ3M27" name="selenium.GetTitle" tests="1" failures="0" timestamp="30 Apr 2021 16:51:54 GMT" time="3.337" errors="0">
  <testcase name="setup" time="3.337" classname="selenium.GetTitle"/>
</testsuite> <!-- selenium.GetTitle -->
