<?xml version="1.0" encoding="UTF-8"?>
<!-- Generated by org.testng.reporters.JUnitReportReporter -->
<testsuite skipped="0" hostname="LAPTOP-SDLQ3M27" name="dummy.blinkTest" tests="1" failures="0" timestamp="07 Apr 2021 09:22:28 GMT" time="12.066" errors="0">
  <testcase name="Test1" time="12.066" classname="dummy.blinkTest"/>
</testsuite> <!-- dummy.blinkTest -->
