<?xml version="1.0" encoding="UTF-8"?>
<!-- Generated by org.testng.reporters.JUnitReportReporter -->
<testsuite skipped="0" hostname="LAPTOP-SDLQ3M27" name="selenium.Dropdown" tests="1" failures="0" timestamp="30 Apr 2021 13:46:29 GMT" time="18.531" errors="0">
  <testcase name="setup" time="18.531" classname="selenium.Dropdown"/>
</testsuite> <!-- selenium.Dropdown -->
