<?xml version="1.0" encoding="UTF-8"?>
<!-- Generated by org.testng.reporters.JUnitReportReporter -->
<testsuite skipped="0" hostname="LAPTOP-SDLQ3M27" name="selenium.SendKeys" tests="1" failures="0" timestamp="01 May 2021 10:27:15 GMT" time="3.363" errors="0">
  <testcase name="setup" time="3.363" classname="selenium.SendKeys"/>
</testsuite> <!-- selenium.SendKeys -->
