<?xml version="1.0" encoding="UTF-8"?>
<!-- Generated by org.testng.reporters.JUnitReportReporter -->
<testsuite skipped="0" hostname="LAPTOP-SDLQ3M27" name="selenium.TestNGAnnaotations" tests="1" failures="0" timestamp="01 May 2021 14:58:52 GMT" time="0.004" errors="0">
  <testcase name="test" time="0.004" classname="selenium.TestNGAnnaotations"/>
</testsuite> <!-- selenium.TestNGAnnaotations -->
