<?xml version="1.0" encoding="UTF-8"?>
<!-- Generated by org.testng.reporters.JUnitReportReporter -->
<testsuite skipped="0" hostname="LAPTOP-SDLQ3M27" name="selenium.TestNGExpectedException" tests="1" failures="0" timestamp="01 May 2021 15:16:02 GMT" time="11.227" errors="0">
  <testcase name="setup" time="11.227" classname="selenium.TestNGExpectedException"/>
</testsuite> <!-- selenium.TestNGExpectedException -->
