<?xml version="1.0" encoding="UTF-8"?>
<!-- Generated by org.testng.reporters.JUnitReportReporter -->
<testsuite skipped="0" hostname="LAPTOP-SDLQ3M27" name="selenium.FileUpload" tests="1" failures="0" timestamp="30 Apr 2021 16:26:27 GMT" time="8.654" errors="0">
  <testcase name="setup" time="8.654" classname="selenium.FileUpload"/>
</testsuite> <!-- selenium.FileUpload -->
