<?xml version="1.0" encoding="UTF-8"?>
<!-- Generated by org.testng.reporters.JUnitReportReporter -->
<testsuite skipped="0" hostname="LAPTOP-SDLQ3M27" name="selenium.SendDataWithoutUsingSendKeys" tests="1" failures="0" timestamp="01 May 2021 10:25:39 GMT" time="5.690" errors="0">
  <testcase name="setup" time="5.690" classname="selenium.SendDataWithoutUsingSendKeys"/>
</testsuite> <!-- selenium.SendDataWithoutUsingSendKeys -->
