<?xml version="1.0" encoding="UTF-8"?>
<!-- Generated by org.testng.reporters.JUnitReportReporter -->
<testsuite skipped="0" hostname="LAPTOP-SDLQ3M27" name="selenium.GetSize" tests="1" failures="0" timestamp="30 Apr 2021 16:47:55 GMT" time="4.411" errors="0">
  <testcase name="setup" time="4.411" classname="selenium.GetSize"/>
</testsuite> <!-- selenium.GetSize -->
