<?xml version="1.0" encoding="UTF-8"?>
<!-- Generated by org.testng.reporters.JUnitReportReporter -->
<testsuite skipped="0" hostname="LAPTOP-SDLQ3M27" name="selenium.TestNGParameters" tests="1" failures="0" timestamp="02 May 2021 05:58:30 GMT" time="6.337" errors="0">
  <testcase name="setup" time="6.337" classname="selenium.TestNGParameters"/>
</testsuite> <!-- selenium.TestNGParameters -->
