<?xml version="1.0" encoding="UTF-8"?>
<!-- Generated by org.testng.reporters.JUnitReportReporter -->
<testsuite skipped="0" hostname="LAPTOP-SDLQ3M27" name="selenium.Invokebrowser" tests="1" failures="0" timestamp="28 May 2021 16:49:02 GMT" time="2.219" errors="0">
  <testcase name="setup" time="2.219" classname="selenium.Invokebrowser"/>
</testsuite> <!-- selenium.Invokebrowser -->
