<?xml version="1.0" encoding="UTF-8"?>
<!-- Generated by org.testng.reporters.JUnitReportReporter -->
<testsuite skipped="0" hostname="LAPTOP-SDLQ3M27" name="selenium.AutoSuggestion" tests="1" failures="0" timestamp="30 Apr 2021 10:04:16 GMT" time="7.937" errors="0">
  <testcase name="setup" time="7.937" classname="selenium.AutoSuggestion"/>
</testsuite> <!-- selenium.AutoSuggestion -->
