<?xml version="1.0" encoding="UTF-8"?>
<!-- Generated by org.testng.reporters.JUnitReportReporter -->
<testsuite skipped="0" hostname="LAPTOP-SDLQ3M27" name="selenium.Deletecookies" tests="1" failures="0" timestamp="03 Apr 2021 11:16:00 GMT" time="1.917" errors="0">
  <testcase name="setup" time="1.917" classname="selenium.Deletecookies"/>
</testsuite> <!-- selenium.Deletecookies -->
