<?xml version="1.0" encoding="UTF-8"?>
<!-- Generated by org.testng.reporters.JUnitReportReporter -->
<testsuite skipped="0" hostname="LAPTOP-SDLQ3M27" name="selenium.TestNGDependOnMethod" tests="3" failures="0" timestamp="01 May 2021 15:13:37 GMT" time="0.009" errors="0">
  <testcase name="setup" time="0.001" classname="selenium.TestNGDependOnMethod"/>
  <testcase name="geardown" time="0.001" classname="selenium.TestNGDependOnMethod"/>
  <testcase name="teardown" time="0.007" classname="selenium.TestNGDependOnMethod"/>
</testsuite> <!-- selenium.TestNGDependOnMethod -->
