<?xml version="1.0" encoding="UTF-8"?>
<!-- Generated by org.testng.reporters.JUnitReportReporter -->
<testsuite skipped="0" hostname="LAPTOP-SDLQ3M27" name="selenium.Alerts" tests="1" failures="0" timestamp="30 Apr 2021 09:53:34 GMT" time="11.864" errors="0">
  <testcase name="setup" time="11.864" classname="selenium.Alerts"/>
</testsuite> <!-- selenium.Alerts -->
