<?xml version="1.0" encoding="UTF-8"?>
<!-- Generated by org.testng.reporters.JUnitReportReporter -->
<testsuite skipped="0" hostname="LAPTOP-SDLQ3M27" name="selenium.EventFiringWebdri" tests="1" failures="0" timestamp="30 Apr 2021 14:23:03 GMT" time="6.268" errors="0">
  <testcase name="setup" time="6.268" classname="selenium.EventFiringWebdri"/>
</testsuite> <!-- selenium.EventFiringWebdri -->
