<?xml version="1.0" encoding="UTF-8"?>
<!-- Generated by org.testng.reporters.JUnitReportReporter -->
<testsuite skipped="0" hostname="LAPTOP-SDLQ3M27" name="selenium.BrokenLinks" tests="1" failures="0" timestamp="30 Apr 2021 11:57:10 GMT" time="12.307" errors="0">
  <testcase name="setup" time="12.307" classname="selenium.BrokenLinks"/>
</testsuite> <!-- selenium.BrokenLinks -->
