<?xml version="1.0" encoding="UTF-8"?>
<!-- Generated by org.testng.reporters.JUnitReportReporter -->
<testsuite skipped="0" hostname="LAPTOP-SDLQ3M27" name="selenium.TestNGInvocationCount" tests="2" failures="0" timestamp="02 May 2021 05:55:07 GMT" time="0.009" errors="0">
  <testcase name="setup" time="0.007" classname="selenium.TestNGInvocationCount"/>
  <testcase name="setup" time="0.002" classname="selenium.TestNGInvocationCount"/>
</testsuite> <!-- selenium.TestNGInvocationCount -->
