<?xml version="1.0" encoding="UTF-8"?>
<!-- Generated by org.testng.reporters.JUnitReportReporter -->
<testsuite skipped="0" hostname="LAPTOP-SDLQ3M27" name="selenium.GetCSSValue" tests="1" failures="0" timestamp="28 May 2021 12:57:25 GMT" time="3.287" errors="0">
  <testcase name="setup" time="3.287" classname="selenium.GetCSSValue"/>
</testsuite> <!-- selenium.GetCSSValue -->
