<?xml version="1.0" encoding="UTF-8"?>
<!-- Generated by org.testng.reporters.JUnitReportReporter -->
<testsuite skipped="1" hostname="LAPTOP-SDLQ3M27" name="dummy.inkTest" tests="2" failures="0" timestamp="07 Apr 2021 09:49:53 GMT" time="6.878" errors="0">
  <testcase name="Test2" time="6.878" classname="dummy.inkTest"/>
  <testcase name="Test1" classname="dummy.inkTest">
    <skipped/>
  </testcase> <!-- Test1 -->
</testsuite> <!-- dummy.inkTest -->
