<?xml version="1.0" encoding="UTF-8"?>
<!-- Generated by org.testng.reporters.JUnitReportReporter -->
<testsuite skipped="0" hostname="LAPTOP-SDLQ3M27" name="selenium.GetDimension" tests="1" failures="0" timestamp="15 Apr 2021 10:50:49 GMT" time="4.105" errors="0">
  <testcase name="setup" time="4.105" classname="selenium.GetDimension"/>
</testsuite> <!-- selenium.GetDimension -->
