<?xml version="1.0" encoding="UTF-8"?>
<!-- Generated by org.testng.reporters.JUnitReportReporter -->
<testsuite skipped="0" hostname="LAPTOP-SDLQ3M27" name="selenium.ImplicitWait" tests="1" failures="0" timestamp="30 Apr 2021 14:31:03 GMT" time="3.521" errors="0">
  <testcase name="setup" time="3.521" classname="selenium.ImplicitWait"/>
</testsuite> <!-- selenium.ImplicitWait -->
