<?xml version="1.0" encoding="UTF-8"?>
<!-- Generated by org.testng.reporters.JUnitReportReporter -->
<testsuite skipped="0" hostname="LAPTOP-SDLQ3M27" name="selenium.GetLocation" tests="1" failures="0" timestamp="01 May 2021 06:49:44 GMT" time="3.188" errors="0">
  <testcase name="setup" time="3.188" classname="selenium.GetLocation"/>
</testsuite> <!-- selenium.GetLocation -->
