<?xml version="1.0" encoding="UTF-8"?>
<!-- Generated by org.testng.reporters.JUnitReportReporter -->
<testsuite hostname="LAPTOP-SDLQ3M27" failures="0" tests="1" name="selenium.Navigation" time="4.261" errors="0" timestamp="16 Jun 2021 09:18:20 GMT" skipped="0">
  <testcase classname="selenium.Navigation" name="setup" time="4.261"/>
</testsuite> <!-- selenium.Navigation -->
