<?xml version="1.0" encoding="UTF-8"?>
<!-- Generated by org.testng.reporters.JUnitReportReporter -->
<testsuite skipped="0" hostname="LAPTOP-SDLQ3M27" name="selenium.GetTableData" tests="1" failures="0" timestamp="28 May 2021 15:19:45 GMT" time="5.742" errors="0">
  <testcase name="setup" time="5.742" classname="selenium.GetTableData"/>
</testsuite> <!-- selenium.GetTableData -->
