<?xml version="1.0" encoding="UTF-8"?>
<!-- Generated by org.testng.reporters.JUnitReportReporter -->
<testsuite skipped="0" hostname="LAPTOP-SDLQ3M27" name="selenium.WindowHandling" tests="1" failures="0" timestamp="23 May 2021 08:55:30 GMT" time="11.707" errors="0">
  <testcase name="setup" time="11.707" classname="selenium.WindowHandling"/>
</testsuite> <!-- selenium.WindowHandling -->
