<?xml version="1.0" encoding="UTF-8"?>
<!-- Generated by org.testng.reporters.JUnitReportReporter -->
<testsuite hostname="LAPTOP-SDLQ3M27" failures="0" tests="1" name="selenium.Abc" time="0.007" errors="0" timestamp="07 Aug 2021 06:52:27 GMT" skipped="0">
  <testcase classname="selenium.Abc" name="test" time="0.007"/>
</testsuite> <!-- selenium.Abc -->
