<?xml version="1.0" encoding="UTF-8"?>
<!-- Generated by org.testng.reporters.JUnitReportReporter -->
<testsuite skipped="0" hostname="LAPTOP-SDLQ3M27" name="selenium.ScreenShot" tests="1" failures="0" timestamp="01 May 2021 10:00:02 GMT" time="6.130" errors="0">
  <testcase name="setup_1" time="6.130" classname="selenium.ScreenShot"/>
</testsuite> <!-- selenium.ScreenShot -->
