<?xml version="1.0" encoding="UTF-8"?>
<!-- Generated by org.testng.reporters.JUnitReportReporter -->
<testsuite skipped="0" hostname="LAPTOP-SDLQ3M27" name="selenium.Scrolling" tests="1" failures="0" timestamp="01 May 2021 10:09:46 GMT" time="6.183" errors="0">
  <testcase name="setup" time="6.183" classname="selenium.Scrolling"/>
</testsuite> <!-- selenium.Scrolling -->
