<?xml version="1.0" encoding="UTF-8"?>
<!-- Generated by org.testng.reporters.JUnitReportReporter -->
<testsuite skipped="0" hostname="LAPTOP-SDLQ3M27" name="selenium.HeadlessBrowser" tests="1" failures="0" timestamp="06 Apr 2021 13:49:15 GMT" time="4.684" errors="0">
  <testcase name="f" time="4.684" classname="selenium.HeadlessBrowser"/>
</testsuite> <!-- selenium.HeadlessBrowser -->
