<?xml version="1.0" encoding="UTF-8"?>
<!-- Generated by org.testng.reporters.JUnitReportReporter -->
<testsuite skipped="0" hostname="LAPTOP-SDLQ3M27" name="selenium.oktestedadminLogin" tests="1" failures="0" timestamp="27 Apr 2021 07:19:58 GMT" time="3.406" errors="0">
  <testcase name="setup" time="3.406" classname="selenium.oktestedadminLogin"/>
</testsuite> <!-- selenium.oktestedadminLogin -->
