<?xml version="1.0" encoding="UTF-8"?>
<!-- Generated by org.testng.reporters.JUnitReportReporter -->
<testsuite skipped="0" hostname="LAPTOP-SDLQ3M27" name="selenium.Locators" tests="1" failures="0" timestamp="01 May 2021 07:27:16 GMT" time="5.233" errors="0">
  <testcase name="setup" time="5.233" classname="selenium.Locators"/>
</testsuite> <!-- selenium.Locators -->
