<?xml version="1.0" encoding="UTF-8"?>
<!-- Generated by org.testng.reporters.JUnitReportReporter -->
<testsuite skipped="0" hostname="LAPTOP-SDLQ3M27" name="selenium.TestNGPriority" tests="3" failures="0" timestamp="02 May 2021 05:58:43 GMT" time="0.010" errors="0">
  <testcase name="bear" time="0.009" classname="selenium.TestNGPriority"/>
  <testcase name="teardown" time="0.001" classname="selenium.TestNGPriority"/>
  <testcase name="setup" time="0.000" classname="selenium.TestNGPriority"/>
</testsuite> <!-- selenium.TestNGPriority -->
