<?xml version="1.0" encoding="UTF-8"?>
<!-- Generated by org.testng.reporters.JUnitReportReporter -->
<testsuite skipped="0" hostname="LAPTOP-SDLQ3M27" name="selenium.ToolTip" tests="1" failures="0" timestamp="28 Feb 2021 19:27:35 GMT" time="13.406" errors="0">
  <testcase name="setup" time="13.406" classname="selenium.ToolTip"/>
</testsuite> <!-- selenium.ToolTip -->
