<?xml version="1.0" encoding="UTF-8"?>
<!-- Generated by org.testng.reporters.JUnitReportReporter -->
<testsuite skipped="0" hostname="LAPTOP-SDLQ3M27" name="selenium.TestngDataProvidor" tests="3" failures="0" timestamp="01 May 2021 15:10:42 GMT" time="15.936" errors="0">
  <testcase name="setup" time="4.507" classname="selenium.TestngDataProvidor"/>
  <testcase name="setup" time="5.619" classname="selenium.TestngDataProvidor"/>
  <testcase name="setup" time="5.810" classname="selenium.TestngDataProvidor"/>
</testsuite> <!-- selenium.TestngDataProvidor -->
