<?xml version="1.0" encoding="UTF-8"?>
<!-- Generated by org.testng.reporters.JUnitReportReporter -->
<testsuite skipped="0" hostname="LAPTOP-SDLQ3M27" name="selenium.FrameHandling" tests="1" failures="0" timestamp="04 Apr 2021 08:06:45 GMT" time="8.264" errors="0">
  <testcase name="setup" time="8.264" classname="selenium.FrameHandling"/>
</testsuite> <!-- selenium.FrameHandling -->
