<?xml version="1.0" encoding="UTF-8"?>
<!-- Generated by org.testng.reporters.JUnitReportReporter -->
<testsuite skipped="0" hostname="LAPTOP-SDLQ3M27" name="selenium.TestngGroups" tests="1" failures="0" timestamp="22 May 2021 15:45:15 GMT" time="5.998" errors="0">
  <testcase name="setup" time="5.998" classname="selenium.TestngGroups"/>
</testsuite> <!-- selenium.TestngGroups -->
